This is pdfTeX, Version 3.141592653-2.6-1.40.24 (MiKTeX 21.12) (preloaded format=pdflatex 2022.1.22)  11 FEB 2022 22:26
entering extended mode
 restricted \write18 enabled.
 %&-line parsing enabled.
**"./assignment 3.tex"
(assignment 3.tex
LaTeX2e <2021-11-15> patch level 1
L3 programming layer <2021-11-22> (D:\miktex\tex/latex/base\article.cls
Document Class: article 2021/10/04 v1.4n Standard LaTeX document class
(D:\miktex\tex/latex/base\size12.clo
File: size12.clo 2021/10/04 v1.4n Standard LaTeX file (size option)
)
\c@part=\count183
\c@section=\count184
\c@subsection=\count185
\c@subsubsection=\count186
\c@paragraph=\count187
\c@subparagraph=\count188
\c@figure=\count189
\c@table=\count190
\abovecaptionskip=\skip47
\belowcaptionskip=\skip48
\bibindent=\dimen138
)
(D:\miktex\tex/latex/l3backend\l3backend-pdftex.def
File: l3backend-pdftex.def 2021-10-18 L3 backend support: PDF output (pdfTeX)
\l__color_backend_stack_int=\count191
\l__pdf_internal_box=\box50
) (assignment 3.aux)
\openout1 = `"assignment 3.aux"'.

LaTeX Font Info:    Checking defaults for OML/cmm/m/it on input line 5.
LaTeX Font Info:    ... okay on input line 5.
LaTeX Font Info:    Checking defaults for OMS/cmsy/m/n on input line 5.
LaTeX Font Info:    ... okay on input line 5.
LaTeX Font Info:    Checking defaults for OT1/cmr/m/n on input line 5.
LaTeX Font Info:    ... okay on input line 5.
LaTeX Font Info:    Checking defaults for T1/cmr/m/n on input line 5.
LaTeX Font Info:    ... okay on input line 5.
LaTeX Font Info:    Checking defaults for TS1/cmr/m/n on input line 5.
LaTeX Font Info:    ... okay on input line 5.
LaTeX Font Info:    Checking defaults for OMX/cmex/m/n on input line 5.
LaTeX Font Info:    ... okay on input line 5.
LaTeX Font Info:    Checking defaults for U/cmr/m/n on input line 5.
LaTeX Font Info:    ... okay on input line 5.
LaTeX Font Info:    External font `cmex10' loaded for size
(Font)              <14.4> on input line 6.
LaTeX Font Info:    External font `cmex10' loaded for size
(Font)              <7> on input line 6.

Overfull \hbox (2.56413pt too wide) in paragraph at lines 13--15
[]\OT1/cmr/m/n/12 PATIENTS EDUCATION-Patient First is a pro-gram to De-velop he
alth-
 []


Underfull \hbox (badness 10000) in paragraph at lines 13--15

 []

[1

{C:/Users/dewan/AppData/Local/MiKTeX/fonts/map/pdftex/pdftex.map}] [2]
(assignment 3.aux) ) 
Here is how much of TeX's memory you used:
 418 strings out of 478659
 7640 string characters out of 2862405
 309173 words of memory out of 3000000
 18602 multiletter control sequences out of 15000+600000
 405883 words of font info for 35 fonts, out of 8000000 for 9000
 1141 hyphenation exceptions out of 8191
 33i,6n,38p,644b,191s stack positions out of 5000i,500n,10000p,200000b,80000s
 <C:\Users\dewan\AppData\Local\MiKTeX\fonts/pk/ljfour/jknap
pen/ec/dpi600\tcrm1200.pk><D:/miktex/fonts/type1/public/amsfonts/cm/cmbx12.pfb>
<D:/miktex/fonts/type1/public/amsfonts/cm/cmr12.pfb><D:/miktex/fonts/type1/publ
ic/amsfonts/cm/cmr17.pfb>
Output written on "assignment 3.pdf" (2 pages, 49655 bytes).
PDF statistics:
 29 PDF objects out of 1000 (max. 8388607)
 0 named destinations out of 1000 (max. 500000)
 1 words of extra memory for PDF output out of 10000 (max. 10000000)

